#
# A fatal error has been detected by the Java Runtime Environment:
#
#  EXCEPTION_ACCESS_VIOLATION (0xc0000005) at pc=0x00000000531edf5b, pid=14664, tid=15816
#
# JRE version: 7.0_21-b11
# Java VM: Java HotSpot(TM) 64-Bit Server VM (23.21-b01 mixed mode windows-amd64 compressed oops)
# Problematic frame:
# V  [jvm.dll+0x11df5b]
#
# Failed to write core dump. Minidumps are not enabled by default on client versions of Windows
#
# If you would like to submit a bug report, please visit:
#   http://bugreport.sun.com/bugreport/crash.jsp
#

---------------  T H R E A D  ---------------

Current thread (0x000000000ad1c800):  JavaThread "JDWP Transport Listener: dt_socket" daemon [_thread_in_vm, id=15816, stack(0x000000000c5b0000,0x000000000c6b0000)]

siginfo: ExceptionCode=0xc0000005, reading address 0x00003b72003b7265

Registers:
RAX=0x000000000c6af201, RBX=0x000000000ad1c800, RCX=0x00003b72003b7265, RDX=0x000000000ad1c800
RSP=0x000000000c6af240, RBP=0x00003b72003b7265, RSI=0x000000000c6af358, RDI=0x0000000001cd9b00
R8 =0x000000000c6af358, R9 =0x0000000000008000, R10=0x0000000000000000, R11=0x000000000c6af4b9
R12=0x0000000000000000, R13=0x0000000000000000, R14=0x0000000000000000, R15=0x0000000000000000
RIP=0x00000000531edf5b, EFLAGS=0x0000000000010206

Top of Stack: (sp=0x000000000c6af240)
0x000000000c6af240:   000000000ad1c800 000000000ad05ae0
0x000000000c6af250:   000000000c6af308 0000000053375699
0x000000000c6af260:   000000000ad1c800 0000000053391062
0x000000000c6af270:   0000000000000000 000000000ad1c800
0x000000000c6af280:   000000000ad33eb0 000000005307264e
0x000000000c6af290:   000000000ad1c800 0000000000000000
0x000000000c6af2a0:   0000000000000000 0000000000000000
0x000000000c6af2b0:   00003b72003b7265 0000000053071745
0x000000000c6af2c0:   000000000c6af358 000000000c6af330
0x000000000c6af2d0:   0000000000000001 000000000ad33eb0
0x000000000c6af2e0:   00003b72003b7265 00000000530553b3
0x000000000c6af2f0:   000000000c6af420 0000000000000001
0x000000000c6af300:   0000000000000001 000000000ad33eb0
0x000000000c6af310:   000000000000000a 0000000000000000
0x000000000c6af320:   0000000000000000 0000000000000000
0x000000000c6af330:   0000000000000001 0000000053055571 

Instructions: (pc=0x00000000531edf5b)
0x00000000531edf3b:   48 8b 5c 24 30 48 89 47 18 48 83 c4 20 5f c3 cc
0x00000000531edf4b:   cc cc cc cc cc 40 53 48 83 ec 20 48 85 c9 74 54
0x00000000531edf5b:   48 8b 19 48 85 db 74 4c 48 b8 fe fe fe fe fe fe
0x00000000531edf6b:   fe fe 48 3b d8 74 3d 80 3d ff fd 58 00 00 74 15 


Register to memory mapping:

RAX=0x000000000c6af201 is pointing into the stack for thread: 0x000000000ad1c800
RBX=0x000000000ad1c800 is a thread
RCX=0x00003b72003b7265 is an unknown value
RDX=0x000000000ad1c800 is a thread
RSP=0x000000000c6af240 is pointing into the stack for thread: 0x000000000ad1c800
RBP=0x00003b72003b7265 is an unknown value
RSI=0x000000000c6af358 is pointing into the stack for thread: 0x000000000ad1c800
RDI=0x0000000001cd9b00 is an unknown value
R8 =0x000000000c6af358 is pointing into the stack for thread: 0x000000000ad1c800
R9 =0x0000000000008000 is an unknown value
R10=0x0000000000000000 is an unknown value
R11=0x000000000c6af4b9 is pointing into the stack for thread: 0x000000000ad1c800
R12=0x0000000000000000 is an unknown value
R13=0x0000000000000000 is an unknown value
R14=0x0000000000000000 is an unknown value
R15=0x0000000000000000 is an unknown value


Stack: [0x000000000c5b0000,0x000000000c6b0000],  sp=0x000000000c6af240,  free space=1020k
Native frames: (J=compiled Java code, j=interpreted, Vv=VM code, C=native code)
V  [jvm.dll+0x11df5b]


---------------  P R O C E S S  ---------------

Java Threads: ( => current thread )
  0x000000000ad43000 JavaThread "Service Thread" daemon [_thread_blocked, id=14668, stack(0x000000000cab0000,0x000000000cbb0000)]
  0x000000000ad36000 JavaThread "C2 CompilerThread1" daemon [_thread_blocked, id=15364, stack(0x000000000c9b0000,0x000000000cab0000)]
  0x000000000ad31000 JavaThread "C2 CompilerThread0" daemon [_thread_blocked, id=13796, stack(0x000000000c8b0000,0x000000000c9b0000)]
  0x000000000ad22000 JavaThread "JDWP Command Reader" daemon [_thread_in_native, id=11452, stack(0x000000000c7b0000,0x000000000c8b0000)]
  0x000000000ad1f000 JavaThread "JDWP Event Helper Thread" daemon [_thread_blocked, id=16116, stack(0x000000000c6b0000,0x000000000c7b0000)]
=>0x000000000ad1c800 JavaThread "JDWP Transport Listener: dt_socket" daemon [_thread_in_vm, id=15816, stack(0x000000000c5b0000,0x000000000c6b0000)]
  0x000000000ad07000 JavaThread "Attach Listener" daemon [_thread_blocked, id=3376, stack(0x000000000c1d0000,0x000000000c2d0000)]
  0x000000000ad03800 JavaThread "Signal Dispatcher" daemon [_thread_blocked, id=2160, stack(0x000000000c0d0000,0x000000000c1d0000)]
  0x000000000aca8800 JavaThread "Finalizer" daemon [_thread_blocked, id=964, stack(0x000000000bfd0000,0x000000000c0d0000)]
  0x000000000ac9f800 JavaThread "Reference Handler" daemon [_thread_blocked, id=12724, stack(0x000000000bed0000,0x000000000bfd0000)]
  0x0000000001de0800 JavaThread "main" [_thread_in_native, id=9384, stack(0x0000000001ce0000,0x0000000001de0000)]

Other Threads:
  0x000000000ac97000 VMThread [stack: 0x000000000bdd0000,0x000000000bed0000] [id=6848]
  0x000000000ad4d800 WatcherThread [stack: 0x000000000cbb0000,0x000000000ccb0000] [id=15844]

VM state:not at safepoint (normal execution)

VM Mutex/Monitor currently owned by a thread: None

Heap
 PSYoungGen      total 37696K, used 1292K [0x00000007d5eb0000, 0x00000007d88c0000, 0x0000000800000000)
  eden space 32320K, 4% used [0x00000007d5eb0000,0x00000007d5ff33b8,0x00000007d7e40000)
  from space 5376K, 0% used [0x00000007d8380000,0x00000007d8380000,0x00000007d88c0000)
  to   space 5376K, 0% used [0x00000007d7e40000,0x00000007d7e40000,0x00000007d8380000)
 ParOldGen       total 86208K, used 0K [0x0000000781c00000, 0x0000000787030000, 0x00000007d5eb0000)
  object space 86208K, 0% used [0x0000000781c00000,0x0000000781c00000,0x0000000787030000)
 PSPermGen       total 21248K, used 2550K [0x000000077ca00000, 0x000000077dec0000, 0x0000000781c00000)
  object space 21248K, 12% used [0x000000077ca00000,0x000000077cc7da10,0x000000077dec0000)

Card table byte_map: [0x0000000004ee0000,0x0000000005300000] byte_map_base: 0x00000000012fb000

Polling page: 0x00000000002d0000

Code Cache  [0x0000000001ee0000, 0x0000000002150000, 0x0000000004ee0000)
 total_blobs=155 nmethods=0 adapters=130 free_code_cache=48778Kb largest_free_block=49948992

Compilation events (0 events):
No events

GC Heap History (0 events):
No events

Deoptimization events (0 events):
No events

Internal exceptions (6 events):
Event: 0.035 Thread 0x0000000001de0800 Threw 0x00000007d5eb61b0 at C:\jdk7u2_64p\jdk7u21\hotspot\src\share\vm\prims\jni.cpp:3994
Event: 0.247 Thread 0x0000000001de0800 Threw 0x00000007d5efe3d0 at C:\jdk7u2_64p\jdk7u21\hotspot\src\share\vm\prims\jvm.cpp:1166
Event: 0.254 Thread 0x0000000001de0800 Threw 0x00000007d5f03e90 at C:\jdk7u2_64p\jdk7u21\hotspot\src\share\vm\prims\jvm.cpp:1166
Event: 0.256 Thread 0x0000000001de0800 Threw 0x00000007d5f07a20 at C:\jdk7u2_64p\jdk7u21\hotspot\src\share\vm\prims\jvm.cpp:1166
Event: 0.256 Thread 0x0000000001de0800 Threw 0x00000007d5f09a10 at C:\jdk7u2_64p\jdk7u21\hotspot\src\share\vm\prims\jvm.cpp:1166
Event: 0.257 Thread 0x0000000001de0800 Threw 0x00000007d5f0b720 at C:\jdk7u2_64p\jdk7u21\hotspot\src\share\vm\prims\jvm.cpp:1166

Events (10 events):
Event: 2641.378 Executing VM operation: RedefineClasses
Event: 2641.378 Executing VM operation: RedefineClasses done
Event: 2698.917 Executing VM operation: RedefineClasses
Event: 2698.917 Executing VM operation: RedefineClasses done
Event: 2732.964 Executing VM operation: RedefineClasses
Event: 2732.965 Executing VM operation: RedefineClasses done
Event: 2747.824 Executing VM operation: RedefineClasses
Event: 2747.824 Executing VM operation: RedefineClasses done
Event: 2757.295 Executing VM operation: RedefineClasses
Event: 2757.295 Executing VM operation: RedefineClasses done


Dynamic libraries:
0x00007ff70d770000 - 0x00007ff70d7a3000 	C:\Program Files\Java\jre7\bin\javaw.exe
0x00007ffda3c70000 - 0x00007ffda3e1c000 	C:\WINDOWS\SYSTEM32\ntdll.dll
0x00007ffda17d0000 - 0x00007ffda190e000 	C:\WINDOWS\system32\KERNEL32.DLL
0x00007ffda0ea0000 - 0x00007ffda0fb5000 	C:\WINDOWS\system32\KERNELBASE.dll
0x00007ffd9f970000 - 0x00007ffd9f9fe000 	C:\WINDOWS\system32\apphelp.dll
0x00007ffd8e080000 - 0x00007ffd8e0d3000 	C:\WINDOWS\AppPatch\AppPatch64\AcGenral.DLL
0x00007ffda1d40000 - 0x00007ffda1dea000 	C:\WINDOWS\system32\msvcrt.dll
0x00007ffda0c00000 - 0x00007ffda0c2e000 	C:\WINDOWS\SYSTEM32\SspiCli.dll
0x00007ffda1e30000 - 0x00007ffda1e84000 	C:\WINDOWS\system32\SHLWAPI.dll
0x00007ffda33b0000 - 0x00007ffda3527000 	C:\WINDOWS\system32\USER32.dll
0x00007ffda1ba0000 - 0x00007ffda1d34000 	C:\WINDOWS\system32\ole32.dll
0x00007ffda1e90000 - 0x00007ffda33a9000 	C:\WINDOWS\system32\SHELL32.dll
0x00007ffda0370000 - 0x00007ffda0391000 	C:\WINDOWS\SYSTEM32\USERENV.dll
0x00007ffda15d0000 - 0x00007ffda167a000 	C:\WINDOWS\system32\ADVAPI32.dll
0x00007ffd974e0000 - 0x00007ffd974fe000 	C:\WINDOWS\SYSTEM32\MPR.dll
0x00007ffda39c0000 - 0x00007ffda3b01000 	C:\WINDOWS\system32\RPCRT4.dll
0x00007ffda3770000 - 0x00007ffda37c9000 	C:\WINDOWS\SYSTEM32\sechost.dll
0x00007ffda3530000 - 0x00007ffda3741000 	C:\WINDOWS\SYSTEM32\combase.dll
0x00007ffda1680000 - 0x00007ffda17cf000 	C:\WINDOWS\system32\GDI32.dll
0x00007ffda0dd0000 - 0x00007ffda0de5000 	C:\WINDOWS\SYSTEM32\profapi.dll
0x00007ffd9d7c0000 - 0x00007ffd9d872000 	C:\WINDOWS\SYSTEM32\SHCORE.dll
0x00007ffda1df0000 - 0x00007ffda1e26000 	C:\WINDOWS\system32\IMM32.DLL
0x00007ffda19d0000 - 0x00007ffda1b22000 	C:\WINDOWS\system32\MSCTF.dll
0x00007ffd9d010000 - 0x00007ffd9d28a000 	C:\WINDOWS\WinSxS\amd64_microsoft.windows.common-controls_6595b64144ccf1df_6.0.9600.17810_none_6240b9c7ecbd0bda\COMCTL32.dll
0x0000000053800000 - 0x00000000538d1000 	C:\Program Files\Java\jre7\bin\msvcr100.dll
0x00000000530d0000 - 0x00000000537f1000 	C:\Program Files\Java\jre7\bin\server\jvm.dll
0x00007ffd979f0000 - 0x00007ffd979f9000 	C:\WINDOWS\SYSTEM32\WSOCK32.dll
0x00007ffd99fd0000 - 0x00007ffd99ff2000 	C:\WINDOWS\SYSTEM32\WINMM.dll
0x00007ffda37d0000 - 0x00007ffda37d7000 	C:\WINDOWS\system32\PSAPI.DLL
0x00007ffda13c0000 - 0x00007ffda141a000 	C:\WINDOWS\system32\WS2_32.dll
0x00007ffd99f70000 - 0x00007ffd99f9a000 	C:\WINDOWS\SYSTEM32\WINMMBASE.dll
0x00007ffda3c50000 - 0x00007ffda3c59000 	C:\WINDOWS\system32\NSI.dll
0x00007ffda0fc0000 - 0x00007ffda100f000 	C:\WINDOWS\SYSTEM32\cfgmgr32.dll
0x00007ffd9fbc0000 - 0x00007ffd9fbe8000 	C:\WINDOWS\SYSTEM32\DEVOBJ.dll
0x00000000530c0000 - 0x00000000530cf000 	C:\Program Files\Java\jre7\bin\verify.dll
0x0000000053090000 - 0x00000000530b8000 	C:\Program Files\Java\jre7\bin\java.dll
0x0000000053050000 - 0x0000000053085000 	C:\Program Files\Java\jre7\bin\jdwp.dll
0x0000000053040000 - 0x0000000053048000 	C:\Program Files\Java\jre7\bin\npt.dll
0x0000000053020000 - 0x0000000053035000 	C:\Program Files\Java\jre7\bin\zip.dll
0x0000000053010000 - 0x0000000053019000 	C:\Program Files\Java\jre7\bin\dt_socket.dll
0x00007ffd98110000 - 0x00007ffd98125000 	C:\WINDOWS\system32\napinsp.dll
0x00007ffd980f0000 - 0x00007ffd9810a000 	C:\WINDOWS\system32\pnrpnsp.dll
0x00007ffd9d8f0000 - 0x00007ffd9d90b000 	C:\WINDOWS\system32\NLAapi.dll
0x00007ffda05e0000 - 0x00007ffda0639000 	C:\WINDOWS\System32\mswsock.dll
0x00007ffda03e0000 - 0x00007ffda0484000 	C:\WINDOWS\SYSTEM32\DNSAPI.dll
0x00007ffd980e0000 - 0x00007ffd980ed000 	C:\WINDOWS\System32\winrnr.dll
0x0000000054370000 - 0x0000000054396000 	C:\Program Files\Bonjour\mdnsNSP.dll
0x00007ffd9b9c0000 - 0x00007ffd9b9ea000 	C:\WINDOWS\SYSTEM32\Iphlpapi.DLL
0x00007ffd9b9b0000 - 0x00007ffd9b9ba000 	C:\WINDOWS\SYSTEM32\WINNSI.DLL
0x00007ffd98130000 - 0x00007ffd98144000 	C:\WINDOWS\system32\wshbth.dll
0x00007ffd9b280000 - 0x00007ffd9b2eb000 	C:\WINDOWS\System32\fwpuclnt.dll
0x00007ffd98590000 - 0x00007ffd9859a000 	C:\Windows\System32\rasadhlp.dll
0x00007ffd9c400000 - 0x00007ffd9c589000 	C:\WINDOWS\SYSTEM32\dbghelp.dll

VM Arguments:
jvm_args: -agentlib:jdwp=transport=dt_socket,suspend=y,address=localhost:53801 -Dfile.encoding=Cp1252 
java_command: Main
Launcher Type: SUN_STANDARD

Environment Variables:
JAVA_HOME=C:\Program Files\Java\jdk1.7.0_21
JRE_HOME=C:\Program Files\Java\jre7
PATH=C:/Program Files/Java/jre1.8.0_31/bin/server;C:/Program Files/Java/jre1.8.0_31/bin;C:/Program Files/Java/jre1.8.0_31/lib/amd64;C:\ProgramData\Oracle\Java\javapath;C:\Mobius-2.5\MinGW64\bin;C:\Program Files (x86)\Haskell\bin;C:\Program Files (x86)\Haskell Platform\2013.2.0.0\lib\extralibs\bin;C:\Program Files (x86)\Haskell Platform\2013.2.0.0\bin;C:\Program Files (x86)\Intel\iCLS Client\;C:\Program Files\Intel\iCLS Client\;C:\Windows\system32;C:\Windows;C:\Windows\System32\Wbem;C:\Windows\System32\WindowsPowerShell\v1.0\;C:\Program Files (x86)\Windows Live\Shared;C:\Program Files (x86)\Intel\OpenCL SDK\2.0\bin\x86;C:\Program Files (x86)\Intel\OpenCL SDK\2.0\bin\x64;C:\Program Files\Intel\Intel(R) Management Engine Components\DAL;C:\Program Files\Intel\Intel(R) Management Engine Components\IPT;C:\Program Files (x86)\Intel\Intel(R) Management Engine Components\DAL;C:\Program Files (x86)\Intel\Intel(R) Management Engine Components\IPT;C:\Program Files\MiKTeX 2.9\miktex\bin\x64\;C:\Program Files (x86)\Calibre2\;C:\Program Files\TortoiseSVN\bin;C:\Program Files (x86)\Haskell Platform\2013.2.0.0\mingw\bin;C:\WINDOWS\system32;C:\WINDOWS;C:\WINDOWS\System32\Wbem;C:\WINDOWS\System32\WindowsPowerShell\v1.0\;C:\Program Files (x86)\Notepad++;C:\Users\Davide\gnuplot\bin;C:\Users\Davide\amplcml\amplcml\;C:\Program Files (x86)\Skype\Phone\;C:\Program Files (x86)\GnuWin32\bin;C:\Program Files\eclipse-SDK-4.2.2-win32-x86_64\eclipse;
USERNAME=Davide
OS=Windows_NT
PROCESSOR_IDENTIFIER=Intel64 Family 6 Model 42 Stepping 7, GenuineIntel



---------------  S Y S T E M  ---------------

OS: Windows 8 , 64 bit Build 9200 

CPU:total 4 (2 cores per cpu, 2 threads per core) family 6 model 42 stepping 7, cmov, cx8, fxsr, mmx, sse, sse2, sse3, ssse3, sse4.1, sse4.2, popcnt, avx, ht, tsc, tscinvbit

Memory: 4k page, physical 8273180k(4465396k free), swap 9583900k(4066604k free)

vm_info: Java HotSpot(TM) 64-Bit Server VM (23.21-b01) for windows-amd64 JRE (1.7.0_21-b11), built on Apr  4 2013 08:11:28 by "java_re" with unknown MS VC++:1600

time: Sun Sep 13 18:49:58 2015
elapsed time: 2761 seconds

